Arguments: 
  C:\Program Files\nodejs\node.exe C:\Users\adity\AppData\Roaming\npm\node_modules\yarn\bin\yarn.js add nodmeon

PATH: 
  C:\Program Files\Common Files\Oracle\Java\javapath;C:\Python39\Scripts\;C:\Python39\;C:\Windows\system32;C:\Windows;C:\Windows\System32\Wbem;C:\Windows\System32\WindowsPowerShell\v1.0\;C:\Windows\System32\OpenSSH\;C:\Program Files (x86)\NVIDIA Corporation\PhysX\Common;C:\Program Files\NVIDIA Corporation\NVIDIA NvDLISR;C:\Program Files\Git\cmd;C:\ProgramData\chocolatey\bin;C:\Program Files\nodejs\;C:\Program Files\MySQL\MySQL Shell 8.0\bin\;C:\Users\adity\AppData\Local\Microsoft\WindowsApps;C:\Users\adity\AppData\Local\Android\Sdk;C:\Program Files (x86)\GitHub CLI\;C:\adity\;C:\src\flutter\bin;C:\Users\adity\AppData\Local\Programs\Microsoft VS Code\bin;C:\Users\adity\AppData\Roaming\npm\node_modules\create-react-app\;C:\Users\adity\AppData\Local\Android\sdk\platform-tools;C:\Users\adity\AppData\Local\Android\sdk\tools;C:\Program Files\heroku\bin;C:\Users\adity\AppData\Roaming\npm;C:\Program Files\Git\bin\;C:\Program Files\Git\cmd\;

Yarn version: 
  1.22.10

Node version: 
  14.17.3

Platform: 
  win32 x64

Trace: 
  Error: https://registry.yarnpkg.com/nodmeon: Not found
      at Request.params.callback [as _callback] (C:\Users\adity\AppData\Roaming\npm\node_modules\yarn\lib\cli.js:66988:18)
      at Request.self.callback (C:\Users\adity\AppData\Roaming\npm\node_modules\yarn\lib\cli.js:140662:22)
      at Request.emit (events.js:375:28)
      at Request.<anonymous> (C:\Users\adity\AppData\Roaming\npm\node_modules\yarn\lib\cli.js:141634:10)
      at Request.emit (events.js:375:28)
      at IncomingMessage.<anonymous> (C:\Users\adity\AppData\Roaming\npm\node_modules\yarn\lib\cli.js:141556:12)
      at Object.onceWrapper (events.js:481:28)
      at IncomingMessage.emit (events.js:387:35)
      at endReadableNT (internal/streams/readable.js:1317:12)
      at processTicksAndRejections (internal/process/task_queues.js:82:21)

npm manifest: 
  {
    "name": "todolist-v1",
    "version": "1.0.0",
    "description": "",
    "main": "app.js",
    "scripts": {
      "test": "echo \"Error: no test specified\" && exit 1"
    },
    "author": "",
    "license": "ISC",
    "dependencies": {
      "body-parser": "^1.18.3",
      "ejs": "^2.6.1",
      "express": "^4.16.3",
      "lodash": "^4.17.11",
      "mongoose": "^5.3.4"
    }
  }

yarn manifest: 
  No manifest

Lockfile: 
  No lockfile
